-32045843
-757246862
-941992753
-461303925
-78403594
-646035980
-253915150
-559474421
-473547681
-679962078
-973280367
-164005551
-785646531
-433496831
-123966155
-598680263
-154733851
-828404277
-397210376
-990694241
-854648202
-378653048
-509671453
-570092999
-427174387
-865257006
-577086214
-278004605
-385299954
-122852539
-632959707
-173436957
-677846792
-687830903
-423664609
-805475944
-908049184
-412040618
-178010332
-689643697
-104748492
-880622205
-306997981
-446373659
-308598130
-440924017
-29237408
-770209125
-335187777
-247403831
-824386974
-305355429
-602416260
-569985128
-631707537
-699474383
-297527360
-297856534
-758478722
-240129937
-978628270
-318013882
-940143850
-614625610
-969779535
-412542649
-651636561
-424695273
-359911203
-61194856
-477956607
-267280991
-473404412
-663274316
-583294031
-759595605
-810734201
-682657916
-448205174
-275438632
-36515113
-523868137
-47224037
-187928200
-937004541
-124612360
-938603803
-844980713
-419451468
-436061170
-253505836
-265881880
-593620802
-22149914
-571648446
-402460603
-690926881
-396126904
-850417329
-308594742
-730773205
-890725461
-464555283
-325945346
-729603505
-646775869
-563786962
-291671052
-146991166
-344440568
-723723116
-196876420
-786144895
-468074289
-477140986
-312647571
-465177736
-96615725
-606424184
-61969618
-733102298
-638555447
-364042894
-546816013
-966672719
-418564212
-826422602
-267322124
-884184349
-606918566
-461504484
-213226912
-878102360
-125203130
-527070109
-145537092
-824105068
-480897695
-115952964
-556365136
-132565323
-89128825
-2157796
-694681384
-343850340
-687405605
-877971724
-669142494
-317454511
-838045104
-25686014
-662927771
-119549180
-658508716
-508946795
-135695978
-247101970
-542696806
-905935378
-447854704
-822693624
-705804387
-29722148
-870739237
-267137342
-978127021
-338583285
-796511074
-402863109
-240084604
-439161048
-994210067
-169120676
-340035246
-561508657
-308432909
-722287180
-872715993
-791677363
-599279568
-430006775
-506200660
-838822377
-157993937
-797626031
-497773201
-37845513
-732259509
-278075531
-400538874
-419346041
-836386020
-420331407
-662841331
-332914474
-182843687
-272254340
-559630837
-12984849
-987215880
-634803259
-48331455
-161308805
-144133200
-545987122
-776816851
-767228962
-120041408
-745359499
-708067324
-940854870
-213717373
-439746326
-847333172
-523340434
-661921446
-874022848
-336809081
-789055053
-322230765
-838836902
-479620316
-171813327
-367513101
-108507684
-2650221
-133685075
-148489164
-875903489
-804271761
-399388705
-153734804
-43325979
-763173676
-535078568
-682402991
-647933151
-964746727
-281046909
-355725491
-39353370
-749131028
-333538595
-752206103
-937099682
-808190437
-503250653
-829861106
-658869877
-543695228
-956244650
-65743838
-516375962
-999449035
-994560443
-155775345
-401706850
-626030100
-363327095
-965314355
-852363028
-920309672
-489938509
-414196446
-738870915
-454136657
-452500002
-722699253
-268584938
-232327983
-953061834
-822519662
-948286532
-533954661
-296192316
-695729314
-637258092
-171064654
-792402811
-746123892
-164666851
-919307758
-171850895
-464561913
-136591215
-809623175
-190470127
-40543125
-638443236
-223222219
-579125255
-339136339
-938503208
-964610421
-332137656
-384037186
-766326845
-28983368
-742145375
-167437107
-796149234
-141941671
-796767265
-478252067
-948886292
-901559109
-608394637
-174011390
-794272742
-680812370
-257458261
-843670900
-859516170
-986424318
-834109170
-277125207
-562872694
-597768211
-499004557
-395005306
-781622555
-197513051
-836775636
-578125935
-707539515
-309112139
-465401828
-858889471
-258814134
-515975255
-697741496
-110515640
-40687943
-615410802
-333438434
-286030153
-353729638
-364740004
-354387351
-833943564
-826006652
-432257090
-547390350
-468277927
-400720771
-17261970
-552125570
-927379087
-166118792
-654133054
-514498825
-841986170
-832902032
-490589109
-809446231
-212390528
-894148591
-250561138
-174747680
-124405216
-975238655
-85967441
-375274723
-168385714
-936135843
-711776292
-621002071
-721820727
-566898861
-863159667
-467330014
-288072895
-789272418
-277153395
-607284254
-998402288
-709033160
-633957619
-78853053
-174747626
-874945798
-5169845
-546203288
-619573616
-438587869
-870293953
-547868894
-516307624
-597038648
-63105524
-718147497
-879997835
-726564002
-919357743
-461763572
-849484920
-103915091
-404463572
-914030083
-982997973
-31492414
-208517098
-608670862
-848367440
-75776783
-294848142
-950525074
-755825295
-294672593
-304212527
-443368417
-223795513
-490352897
-523942568
-93488476
-826985165
-6751534
-972924081
-736556857
-608134094
-372292309
-993921451
-85761205
-897955080
-761407379
-722685328
-343637003
-984092702
-616183915
-343341930
-553018391
-923736785
-127090756
-535958624
-460164439
-529920816
-152409356
-260918497
-922577311
-485569915
-61907438
-38446401
-171219053
-210319386
-545099368
-371445025
-306000254
-630084724
-188379243
-915817852
-11499034
-842140297
-183851441
-790076324
-925325647
-915984413
-836529953
-653380927
-74882846
-534368123
-6625839
-385842873
-197101275
-463338559
-864868161
-547374002
-448922555
-807014303
-255981624
-305036924
-99662157
-3679081
-346546969
-859764612
-187130691
-762273289
-554851997
-938648344
-360416853
-583041547
-784476855
-286666609
-457740008
-612192877
-127294052
-156315897
-688558884
-26605318
-366573514
-409965448
-186955190
-468560424
-285670921
-811251830
-502704377
-271522153
-99873137
-227154949
-670128993
-175608067
